f:\مناهج\summer course\railway\project 3\debug\vc120.pdb
f:\مناهج\summer course\railway\project 3\debug\form4.obj
f:\مناهج\summer course\railway\project 3\debug\form3.obj
f:\مناهج\summer course\railway\project 3\debug\form2.obj
f:\مناهج\summer course\railway\project 3\debug\form1.obj
f:\مناهج\summer course\railway\project 3\debug\.netframework,version=v4.5.assemblyattributes.obj
f:\مناهج\summer course\railway\debug\project 3.exe
f:\مناهج\summer course\railway\debug\project 3.pdb
f:\مناهج\summer course\railway\project 3\debug\project3.form1.resources
f:\مناهج\summer course\railway\project 3\debug\project3.form2.resources
f:\مناهج\summer course\railway\project 3\debug\project3.form3.resources
f:\مناهج\summer course\railway\project 3\debug\project3.form4.resources
f:\مناهج\summer course\railway\project 3\debug\project 3.vcxproj.generateresource.cache
f:\مناهج\summer course\railway\project 3\debug\project 3.vcxprojresolveassemblyreference.cache
f:\مناهج\summer course\railway\project 3\debug\project 3.tlog\cl.command.1.tlog
f:\مناهج\summer course\railway\project 3\debug\project 3.tlog\cl.read.1.tlog
f:\مناهج\summer course\railway\project 3\debug\project 3.tlog\cl.write.1.tlog
f:\مناهج\summer course\railway\project 3\debug\project 3.tlog\link.command.1.tlog
f:\مناهج\summer course\railway\project 3\debug\project 3.tlog\link.read.1.tlog
f:\مناهج\summer course\railway\project 3\debug\project 3.tlog\link.write.1.tlog
f:\مناهج\summer course\railway\project 3\debug\project 3.tlog\metagen.read.1.tlog
f:\مناهج\summer course\railway\project 3\debug\project 3.tlog\metagen.write.1.tlog
f:\مناهج\summer course\railway\project 3\debug\project 3.tlog\project 3.write.1u.tlog
f:\مناهج\summer course\railway\project 3\debug\project 3.tlog\tzres.dll.bi
