Build started 28/08/2017 09:43:37 ص.
     1>Project "C:\Users\Essam\Desktop\Railway Reservation System\Project 3\Project 3.vcxproj" on node 2 (Build target(s)).
     1>ClCompile:
         C:\Program Files (x86)\Microsoft Visual Studio 12.0\VC\bin\CL.exe /c /AI"C:\Program Files (x86)\Reference Assemblies\Microsoft\Framework\.NETFramework\v4.5\\" /AI"C:\Program Files (x86)\Windows Kits\8.1\References\CommonConfiguration\Neutral" /AI"C:\Program Files (x86)\Reference Assemblies\Microsoft\Framework\.NETFramework\v4.5\Facades\\" /Zi /clr /nologo /W3 /WX- /Od /Oy- /D WIN32 /D _DEBUG /D _UNICODE /D UNICODE /EHa /MDd /GS /fp:precise /Zc:wchar_t /Zc:forScope /Fo"Debug\\" /Fd"Debug\vc120.pdb" /TP /FU"C:\Program Files (x86)\Reference Assemblies\Microsoft\Framework\.NETFramework\v4.5\mscorlib.dll" /FU"C:\Program Files (x86)\Reference Assemblies\Microsoft\Framework\.NETFramework\v4.5\System.Data.dll" /FU"C:\Program Files (x86)\Reference Assemblies\Microsoft\Framework\.NETFramework\v4.5\System.dll" /FU"C:\Program Files (x86)\Reference Assemblies\Microsoft\Framework\.NETFramework\v4.5\System.Drawing.dll" /FU"C:\Program Files (x86)\Reference Assemblies\Microsoft\Framework\.NETFramework\v4.5\System.Windows.Forms.dll" /FU"C:\Program Files (x86)\Reference Assemblies\Microsoft\Framework\.NETFramework\v4.5\System.Xml.dll" /analyze- /errorReport:prompt /clr:nostdlib Form1.cpp Form2.cpp
         Form1.cpp
     1>c:\users\essam\desktop\railway reservation system\project 3\Form2.h(743): warning C4244: '-=' : conversion from 'double' to 'int', possible loss of data
     1>c:\users\essam\desktop\railway reservation system\project 3\Form2.h(846): warning C4244: '+=' : conversion from 'double' to 'int', possible loss of data
     1>c:\users\essam\desktop\railway reservation system\project 3\Form2.h(852): warning C4244: '-=' : conversion from 'double' to 'int', possible loss of data
     1>Form1.cpp(6): warning C4829: Possibly incorrect parameters to function main. Consider 'int main(Platform::Array<Platform::String^>^ argv)'
         Form2.cpp
     1>c:\users\essam\desktop\railway reservation system\project 3\Form2.h(743): warning C4244: '-=' : conversion from 'double' to 'int', possible loss of data
     1>c:\users\essam\desktop\railway reservation system\project 3\Form2.h(846): warning C4244: '+=' : conversion from 'double' to 'int', possible loss of data
     1>c:\users\essam\desktop\railway reservation system\project 3\Form2.h(852): warning C4244: '-=' : conversion from 'double' to 'int', possible loss of data
         Generating Code...
       Link:
         C:\Program Files (x86)\Microsoft Visual Studio 12.0\VC\bin\link.exe /ERRORREPORT:PROMPT /OUT:"C:\Users\Essam\Desktop\Railway Reservation System\Debug\Project 3.exe" /INCREMENTAL /NOLOGO /ASSEMBLYRESOURCE:Debug\Project3.Form1.resources /ASSEMBLYRESOURCE:Debug\Project3.Form2.resources /ASSEMBLYRESOURCE:Debug\Project3.Form3.resources /ASSEMBLYRESOURCE:Debug\Project3.Form4.resources /MANIFEST /MANIFESTUAC:"level='asInvoker' uiAccess='false'" /manifest:embed /DEBUG /PDB:"C:\Users\Essam\Desktop\Railway Reservation System\Debug\Project 3.pdb" /ASSEMBLYDEBUG /SUBSYSTEM:WINDOWS /TLBID:1 /ENTRY:"main" /DYNAMICBASE /FIXED:NO /NXCOMPAT /MACHINE:X86 Debug\Form1.obj
         Debug\Form2.obj
         Debug\Form3.obj
         Debug\Form4.obj
         "Debug\.NETFramework,Version=v4.5.AssemblyAttributes.obj"
         Project 3.vcxproj -> C:\Users\Essam\Desktop\Railway Reservation System\Debug\Project 3.exe
     1>Done Building Project "C:\Users\Essam\Desktop\Railway Reservation System\Project 3\Project 3.vcxproj" (Build target(s)).

Build succeeded.

Time Elapsed 00:00:02.39
